android/build/intermediates/manifest_merge_blame_file/debug/processDebugManifest/manifest-merger-blame-debug-report.txt
1<?xml version="1.0" encoding="utf-8"?>
2<manifest xmlns:android="http://schemas.android.com/apk/res/android"
3    package="expo.modules.savingsharedtoken" >
4
5    <uses-sdk android:minSdkVersion="24" />
6
7    <uses-permission android:name="android.permission.AUTHENTICATE_ACCOUNTS" />
7-->src/main/AndroidManifest.xml:3:4-79
7-->src/main/AndroidManifest.xml:3:21-76
8    <uses-permission android:name="android.permission.MANAGE_ACCOUNTS" />
8-->src/main/AndroidManifest.xml:4:1-70
8-->src/main/AndroidManifest.xml:4:18-67
9    <uses-permission android:name="android.permission.GET_ACCOUNTS" />
9-->src/main/AndroidManifest.xml:5:1-67
9-->src/main/AndroidManifest.xml:5:18-64
10    <uses-permission android:name="android.permission.USE_CREDENTIALS" />
10-->src/main/AndroidManifest.xml:6:1-70
10-->src/main/AndroidManifest.xml:6:18-67
11
12    <application>
12-->src/main/AndroidManifest.xml:9:5-24:19
13        <service
13-->src/main/AndroidManifest.xml:10:1-20:11
14            android:name="expo.modules.savingsharedtoken.MyAuthenticatorService"
14-->src/main/AndroidManifest.xml:11:5-43
15            android:exported="true"
15-->src/main/AndroidManifest.xml:12:5-28
16            android:permission="android.permission.BIND_ACCOUNT_AUTHENTICATOR" >
16-->src/main/AndroidManifest.xml:13:5-71
17            <intent-filter>
17-->src/main/AndroidManifest.xml:14:5-16:21
18                <action android:name="android.accounts.AccountAuthenticator" />
18-->src/main/AndroidManifest.xml:15:9-72
18-->src/main/AndroidManifest.xml:15:17-69
19            </intent-filter>
20
21            <meta-data
21-->src/main/AndroidManifest.xml:17:5-19:49
22                android:name="android.accounts.AccountAuthenticator"
22-->src/main/AndroidManifest.xml:18:9-61
23                android:resource="@xml/authenticator" />
23-->src/main/AndroidManifest.xml:19:9-46
24        </service>
25    </application>
26
27</manifest>